Group 15/platepal/android/app/build/intermediates/manifest_merge_blame_file/debug/processDebugMainManifest/manifest-merger-blame-debug-report.txt
1<?xml version="1.0" encoding="utf-8"?>
2<manifest xmlns:android="http://schemas.android.com/apk/res/android"
3    package="com.example.platepal"
4    android:versionCode="1"
5    android:versionName="1.0.0" >
6
7    <uses-sdk
8        android:minSdkVersion="24"
9        android:targetSdkVersion="36" />
10    <!--
11         The INTERNET permission is required for development. Specifically,
12         the Flutter tool needs it to communicate with the running application
13         to allow setting breakpoints, to provide hot reload, etc.
14    -->
15    <uses-permission android:name="android.permission.INTERNET" />
15-->src\main\AndroidManifest.xml:30:5-67
15-->src\main\AndroidManifest.xml:30:22-64
16    <uses-permission android:name="android.permission.ACCESS_NETWORK_STATE" />
16-->src\main\AndroidManifest.xml:31:5-79
16-->src\main\AndroidManifest.xml:31:22-76
17    <uses-permission android:name="android.permission.ACCESS_FINE_LOCATION" />
17-->src\main\AndroidManifest.xml:32:5-79
17-->src\main\AndroidManifest.xml:32:22-76
18    <uses-permission android:name="android.permission.ACCESS_COARSE_LOCATION" />
18-->src\main\AndroidManifest.xml:33:5-81
18-->src\main\AndroidManifest.xml:33:22-78
19    <uses-permission android:name="android.permission.POST_NOTIFICATIONS" />
19-->src\main\AndroidManifest.xml:34:5-77
19-->src\main\AndroidManifest.xml:34:22-74
20
21    <queries>
21-->src\main\AndroidManifest.xml:36:5-41:15
22        <intent>
22-->src\main\AndroidManifest.xml:37:9-40:18
23            <action android:name="android.intent.action.PROCESS_TEXT" />
23-->src\main\AndroidManifest.xml:38:13-72
23-->src\main\AndroidManifest.xml:38:21-70
24
25            <data android:mimeType="text/plain" />
25-->src\main\AndroidManifest.xml:39:13-50
25-->src\main\AndroidManifest.xml:39:19-48
26        </intent>
27        <!-- Needs to be explicitly declared on Android R+ -->
28        <package android:name="com.google.android.apps.maps" />
28-->[com.google.android.gms:play-services-maps:20.0.0] AndroidManifest.xml:29:7-61
28-->[com.google.android.gms:play-services-maps:20.0.0] AndroidManifest.xml:29:16-59
29    </queries>
30
31    <uses-permission android:name="android.permission.VIBRATE" />
31-->[:flutter_local_notifications] AndroidManifest.xml:7:5-66
31-->[:flutter_local_notifications] AndroidManifest.xml:7:22-63
32
33    <uses-feature
33-->[com.google.android.gms:play-services-maps:20.0.0] AndroidManifest.xml:22:5-24:33
34        android:glEsVersion="0x00020000"
34-->[com.google.android.gms:play-services-maps:20.0.0] AndroidManifest.xml:23:8-40
35        android:required="true" />
35-->[com.google.android.gms:play-services-maps:20.0.0] AndroidManifest.xml:24:8-31
36
37    <permission
37-->[androidx.core:core:1.17.0] AndroidManifest.xml:22:5-24:47
38        android:name="com.example.platepal.DYNAMIC_RECEIVER_NOT_EXPORTED_PERMISSION"
38-->[androidx.core:core:1.17.0] AndroidManifest.xml:23:9-81
39        android:protectionLevel="signature" />
39-->[androidx.core:core:1.17.0] AndroidManifest.xml:24:9-44
40
41    <uses-permission android:name="com.example.platepal.DYNAMIC_RECEIVER_NOT_EXPORTED_PERMISSION" />
41-->[androidx.core:core:1.17.0] AndroidManifest.xml:26:5-97
41-->[androidx.core:core:1.17.0] AndroidManifest.xml:26:22-94
42
43    <application
43-->src\main\AndroidManifest.xml:3:5-28:19
44        android:name="android.app.Application"
44-->src\main\AndroidManifest.xml:5:9-47
45        android:appComponentFactory="androidx.core.app.CoreComponentFactory"
45-->[androidx.core:core:1.17.0] AndroidManifest.xml:28:18-86
46        android:debuggable="true"
47        android:extractNativeLibs="false"
48        android:icon="@mipmap/ic_launcher"
48-->src\main\AndroidManifest.xml:6:9-43
49        android:label="platepal" >
49-->src\main\AndroidManifest.xml:4:9-33
50        <activity
50-->src\main\AndroidManifest.xml:7:9-24:20
51            android:name="com.example.platepal.MainActivity"
51-->src\main\AndroidManifest.xml:8:13-41
52            android:configChanges="orientation|keyboardHidden|keyboard|screenSize|smallestScreenSize|locale|layoutDirection|fontScale|screenLayout|density|uiMode"
52-->src\main\AndroidManifest.xml:13:13-163
53            android:exported="true"
53-->src\main\AndroidManifest.xml:9:13-36
54            android:hardwareAccelerated="true"
54-->src\main\AndroidManifest.xml:14:13-47
55            android:launchMode="singleTop"
55-->src\main\AndroidManifest.xml:10:13-43
56            android:taskAffinity=""
56-->src\main\AndroidManifest.xml:11:13-36
57            android:theme="@style/LaunchTheme"
57-->src\main\AndroidManifest.xml:12:13-47
58            android:windowSoftInputMode="adjustResize" >
58-->src\main\AndroidManifest.xml:15:13-55
59            <meta-data
59-->src\main\AndroidManifest.xml:16:13-19:17
60                android:name="io.flutter.embedding.android.NormalTheme"
60-->src\main\AndroidManifest.xml:17:15-70
61                android:resource="@style/NormalTheme" />
61-->src\main\AndroidManifest.xml:18:15-52
62
63            <intent-filter>
63-->src\main\AndroidManifest.xml:20:13-23:29
64                <action android:name="android.intent.action.MAIN" />
64-->src\main\AndroidManifest.xml:21:17-68
64-->src\main\AndroidManifest.xml:21:25-66
65
66                <category android:name="android.intent.category.LAUNCHER" />
66-->src\main\AndroidManifest.xml:22:17-76
66-->src\main\AndroidManifest.xml:22:27-74
67            </intent-filter>
68        </activity>
69
70        <meta-data
70-->src\main\AndroidManifest.xml:25:9-27:33
71            android:name="flutterEmbedding"
71-->src\main\AndroidManifest.xml:26:13-44
72            android:value="2" />
72-->src\main\AndroidManifest.xml:27:13-30
73
74        <service
74-->[:geolocator_android] AndroidManifest.xml:8:9-12:56
75            android:name="com.baseflow.geolocator.GeolocatorLocationService"
75-->[:geolocator_android] AndroidManifest.xml:9:13-77
76            android:enabled="true"
76-->[:geolocator_android] AndroidManifest.xml:10:13-35
77            android:exported="false"
77-->[:geolocator_android] AndroidManifest.xml:11:13-37
78            android:foregroundServiceType="location" />
78-->[:geolocator_android] AndroidManifest.xml:12:13-53
79
80        <uses-library
80-->[:google_maps_flutter_android] AndroidManifest.xml:8:9-10:40
81            android:name="org.apache.http.legacy"
81-->[:google_maps_flutter_android] AndroidManifest.xml:9:13-50
82            android:required="false" />
82-->[:google_maps_flutter_android] AndroidManifest.xml:10:13-37
83
84        <meta-data
84-->[com.google.maps.android:android-maps-utils:4.1.0] AndroidManifest.xml:24:9-26:69
85            android:name="com.google.android.gms.version"
85-->[com.google.maps.android:android-maps-utils:4.1.0] AndroidManifest.xml:25:13-58
86            android:value="@integer/google_play_services_version" />
86-->[com.google.maps.android:android-maps-utils:4.1.0] AndroidManifest.xml:26:13-66
87
88        <provider
88-->[com.google.maps.android:android-maps-utils:4.1.0] AndroidManifest.xml:28:9-36:20
89            android:name="androidx.startup.InitializationProvider"
89-->[com.google.maps.android:android-maps-utils:4.1.0] AndroidManifest.xml:29:13-67
90            android:authorities="com.example.platepal.androidx-startup"
90-->[com.google.maps.android:android-maps-utils:4.1.0] AndroidManifest.xml:30:13-68
91            android:exported="false" >
91-->[com.google.maps.android:android-maps-utils:4.1.0] AndroidManifest.xml:31:13-37
92            <meta-data
92-->[com.google.maps.android:android-maps-utils:4.1.0] AndroidManifest.xml:33:13-35:52
93                android:name="com.google.maps.android.utils.attribution.AttributionIdInitializer"
93-->[com.google.maps.android:android-maps-utils:4.1.0] AndroidManifest.xml:34:17-98
94                android:value="androidx.startup" />
94-->[com.google.maps.android:android-maps-utils:4.1.0] AndroidManifest.xml:35:17-49
95            <meta-data
95-->[androidx.emoji2:emoji2:1.3.0] AndroidManifest.xml:29:13-31:52
96                android:name="androidx.emoji2.text.EmojiCompatInitializer"
96-->[androidx.emoji2:emoji2:1.3.0] AndroidManifest.xml:30:17-75
97                android:value="androidx.startup" />
97-->[androidx.emoji2:emoji2:1.3.0] AndroidManifest.xml:31:17-49
98            <meta-data
98-->[androidx.lifecycle:lifecycle-process:2.7.0] AndroidManifest.xml:29:13-31:52
99                android:name="androidx.lifecycle.ProcessLifecycleInitializer"
99-->[androidx.lifecycle:lifecycle-process:2.7.0] AndroidManifest.xml:30:17-78
100                android:value="androidx.startup" />
100-->[androidx.lifecycle:lifecycle-process:2.7.0] AndroidManifest.xml:31:17-49
101            <meta-data
101-->[androidx.profileinstaller:profileinstaller:1.3.1] AndroidManifest.xml:29:13-31:52
102                android:name="androidx.profileinstaller.ProfileInstallerInitializer"
102-->[androidx.profileinstaller:profileinstaller:1.3.1] AndroidManifest.xml:30:17-85
103                android:value="androidx.startup" />
103-->[androidx.profileinstaller:profileinstaller:1.3.1] AndroidManifest.xml:31:17-49
104        </provider>
105
106        <activity
106-->[com.google.android.gms:play-services-base:18.5.0] AndroidManifest.xml:5:9-173
107            android:name="com.google.android.gms.common.api.GoogleApiActivity"
107-->[com.google.android.gms:play-services-base:18.5.0] AndroidManifest.xml:5:19-85
108            android:exported="false"
108-->[com.google.android.gms:play-services-base:18.5.0] AndroidManifest.xml:5:146-170
109            android:theme="@android:style/Theme.Translucent.NoTitleBar" />
109-->[com.google.android.gms:play-services-base:18.5.0] AndroidManifest.xml:5:86-145
110
111        <uses-library
111-->[androidx.window:window:1.2.0] AndroidManifest.xml:23:9-25:40
112            android:name="androidx.window.extensions"
112-->[androidx.window:window:1.2.0] AndroidManifest.xml:24:13-54
113            android:required="false" />
113-->[androidx.window:window:1.2.0] AndroidManifest.xml:25:13-37
114        <uses-library
114-->[androidx.window:window:1.2.0] AndroidManifest.xml:26:9-28:40
115            android:name="androidx.window.sidecar"
115-->[androidx.window:window:1.2.0] AndroidManifest.xml:27:13-51
116            android:required="false" />
116-->[androidx.window:window:1.2.0] AndroidManifest.xml:28:13-37
117
118        <receiver
118-->[androidx.profileinstaller:profileinstaller:1.3.1] AndroidManifest.xml:34:9-52:20
119            android:name="androidx.profileinstaller.ProfileInstallReceiver"
119-->[androidx.profileinstaller:profileinstaller:1.3.1] AndroidManifest.xml:35:13-76
120            android:directBootAware="false"
120-->[androidx.profileinstaller:profileinstaller:1.3.1] AndroidManifest.xml:36:13-44
121            android:enabled="true"
121-->[androidx.profileinstaller:profileinstaller:1.3.1] AndroidManifest.xml:37:13-35
122            android:exported="true"
122-->[androidx.profileinstaller:profileinstaller:1.3.1] AndroidManifest.xml:38:13-36
123            android:permission="android.permission.DUMP" >
123-->[androidx.profileinstaller:profileinstaller:1.3.1] AndroidManifest.xml:39:13-57
124            <intent-filter>
124-->[androidx.profileinstaller:profileinstaller:1.3.1] AndroidManifest.xml:40:13-42:29
125                <action android:name="androidx.profileinstaller.action.INSTALL_PROFILE" />
125-->[androidx.profileinstaller:profileinstaller:1.3.1] AndroidManifest.xml:41:17-91
125-->[androidx.profileinstaller:profileinstaller:1.3.1] AndroidManifest.xml:41:25-88
126            </intent-filter>
127            <intent-filter>
127-->[androidx.profileinstaller:profileinstaller:1.3.1] AndroidManifest.xml:43:13-45:29
128                <action android:name="androidx.profileinstaller.action.SKIP_FILE" />
128-->[androidx.profileinstaller:profileinstaller:1.3.1] AndroidManifest.xml:44:17-85
128-->[androidx.profileinstaller:profileinstaller:1.3.1] AndroidManifest.xml:44:25-82
129            </intent-filter>
130            <intent-filter>
130-->[androidx.profileinstaller:profileinstaller:1.3.1] AndroidManifest.xml:46:13-48:29
131                <action android:name="androidx.profileinstaller.action.SAVE_PROFILE" />
131-->[androidx.profileinstaller:profileinstaller:1.3.1] AndroidManifest.xml:47:17-88
131-->[androidx.profileinstaller:profileinstaller:1.3.1] AndroidManifest.xml:47:25-85
132            </intent-filter>
133            <intent-filter>
133-->[androidx.profileinstaller:profileinstaller:1.3.1] AndroidManifest.xml:49:13-51:29
134                <action android:name="androidx.profileinstaller.action.BENCHMARK_OPERATION" />
134-->[androidx.profileinstaller:profileinstaller:1.3.1] AndroidManifest.xml:50:17-95
134-->[androidx.profileinstaller:profileinstaller:1.3.1] AndroidManifest.xml:50:25-92
135            </intent-filter>
136        </receiver>
137    </application>
138
139</manifest>